#
# There is insufficient memory for the Java Runtime Environment to continue.
# Native memory allocation (mmap) failed to map 65536 bytes for Failed to commit metaspace.
# Possible reasons:
#   The system is out of physical RAM or swap space
#   The process is running with CompressedOops enabled, and the Java Heap may be blocking the growth of the native heap
# Possible solutions:
#   Reduce memory load on the system
#   Increase physical memory or swap space
#   Check if swap backing store is full
#   Decrease Java heap size (-Xmx/-Xms)
#   Decrease number of Java threads
#   Decrease Java thread stack sizes (-Xss)
#   Set larger code cache with -XX:ReservedCodeCacheSize=
#   JVM is running with Zero Based Compressed Oops mode in which the Java heap is
#     placed in the first 32GB address space. The Java Heap base address is the
#     maximum limit for the native heap growth. Please use -XX:HeapBaseMinAddress
#     to set the Java Heap base and to place the Java Heap above 32GB virtual address.
# This output file may be truncated or incomplete.
#
#  Out of Memory Error (virtualSpaceNode.cpp:110), pid=27588, tid=6160
#
# JRE version: OpenJDK Runtime Environment Zulu17.38+21-CA (17.0.5+8) (build 17.0.5+8-LTS)
# Java VM: OpenJDK 64-Bit Server VM Zulu17.38+21-CA (17.0.5+8-LTS, mixed mode, sharing, tiered, compressed oops, compressed class ptrs, g1 gc, windows-amd64)
# No core dump will be written. Minidumps are not enabled by default on client versions of Windows
#

---------------  S U M M A R Y ------------

Command Line: -Dfile.encoding=UTF-8 --module-path=C:\Users\ELFAJR\Documents\NetBeansProjects\Hotel Management System\build\classes hotel.management.system.AddRooms

Host: Intel(R) Core(TM) i7-10750H CPU @ 2.60GHz, 12 cores, 15G,  Windows 11 , 64 bit Build 22621 (10.0.22621.963)
Time: Fri Dec 23 17:56:22 2022 Egypt Standard Time elapsed time: 0.093237 seconds (0d 0h 0m 0s)

---------------  T H R E A D  ---------------

Current thread (0x0000020798879d50):  JavaThread "main" [_thread_in_vm, id=6160, stack(0x000000a997900000,0x000000a997a00000)]

Stack: [0x000000a997900000,0x000000a997a00000]
Native frames: (J=compiled Java code, j=interpreted, Vv=VM code, C=native code)
V  [jvm.dll+0x67bc7a]
V  [jvm.dll+0x837104]
V  [jvm.dll+0x8388ae]
V  [jvm.dll+0x838f13]
V  [jvm.dll+0x248935]
V  [jvm.dll+0x83319b]
V  [jvm.dll+0x620386]
V  [jvm.dll+0x6203ea]
V  [jvm.dll+0x622bfa]
V  [jvm.dll+0x620d26]
V  [jvm.dll+0x23e400]
V  [jvm.dll+0x1ea89d]
V  [jvm.dll+0x1e02c1]
V  [jvm.dll+0x54079d]
V  [jvm.dll+0x1f0af7]
V  [jvm.dll+0x7b0efb]
V  [jvm.dll+0x7b22b2]
V  [jvm.dll+0x7b2a49]
V  [jvm.dll+0x1eb0e4]
V  [jvm.dll+0x1e02da]
V  [jvm.dll+0x54079d]
V  [jvm.dll+0x1f0af7]
V  [jvm.dll+0x7b0efb]
V  [jvm.dll+0x7b22b2]
V  [jvm.dll+0x417605]
C  [java.dll+0x1a55]

Java frames: (J=compiled Java code, j=interpreted, Vv=VM code)
j  java.lang.ClassLoader.findBootstrapClass(Ljava/lang/String;)Ljava/lang/Class;+0 java.base@17.0.5
j  java.lang.ClassLoader.findBootstrapClassOrNull(Ljava/lang/String;)Ljava/lang/Class;+10 java.base@17.0.5
j  java.lang.System$2.findBootstrapClassOrNull(Ljava/lang/String;)Ljava/lang/Class;+1 java.base@17.0.5
j  jdk.internal.loader.ClassLoaders$BootClassLoader.loadClassOrNull(Ljava/lang/String;Z)Ljava/lang/Class;+4 java.base@17.0.5
j  jdk.internal.loader.BuiltinClassLoader.loadClassOrNull(Ljava/lang/String;)Ljava/lang/Class;+3 java.base@17.0.5
j  jdk.internal.loader.BuiltinClassLoader.loadClassOrNull(Ljava/lang/String;Z)Ljava/lang/Class;+66 java.base@17.0.5
j  jdk.internal.loader.BuiltinClassLoader.loadClass(Ljava/lang/String;Z)Ljava/lang/Class;+3 java.base@17.0.5
j  jdk.internal.loader.ClassLoaders$AppClassLoader.loadClass(Ljava/lang/String;Z)Ljava/lang/Class;+36 java.base@17.0.5
j  java.lang.ClassLoader.loadClass(Ljava/lang/String;)Ljava/lang/Class;+3 java.base@17.0.5
v  ~StubRoutines::call_stub
j  java.lang.Class.getDeclaredMethods0(Z)[Ljava/lang/reflect/Method;+0 java.base@17.0.5
j  java.lang.Class.privateGetDeclaredMethods(Z)[Ljava/lang/reflect/Method;+34 java.base@17.0.5
j  java.lang.Class.getMethodsRecursive(Ljava/lang/String;[Ljava/lang/Class;Z)Ljava/lang/PublicMethods$MethodList;+2 java.base@17.0.5
j  java.lang.Class.getMethod0(Ljava/lang/String;[Ljava/lang/Class;)Ljava/lang/reflect/Method;+14 java.base@17.0.5
j  java.lang.Class.getMethod(Ljava/lang/String;[Ljava/lang/Class;)Ljava/lang/reflect/Method;+26 java.base@17.0.5
j  sun.launcher.LauncherHelper.validateMainClass(Ljava/lang/Class;)V+16 java.base@17.0.5
j  sun.launcher.LauncherHelper.checkAndLoadMain(ZILjava/lang/String;)Ljava/lang/Class;+80 java.base@17.0.5
v  ~StubRoutines::call_stub

---------------  P R O C E S S  ---------------

Threads class SMR info:
_java_thread_list=0x00000207fd324ed0, length=13, elements={
0x0000020798879d50, 0x00000207bbbd72f0, 0x00000207bbbd7eb0, 0x00000207bbbe9530,
0x00000207bbbe9e00, 0x00000207bbbea7c0, 0x00000207bbbeb180, 0x00000207bbbee280,
0x00000207fd1140b0, 0x00000207fd1149c0, 0x00000207bbbc2a50, 0x00000207fd28e9e0,
0x00000207fd2b4ee0
}

Java Threads: ( => current thread )
=>0x0000020798879d50 JavaThread "main" [_thread_in_vm, id=6160, stack(0x000000a997900000,0x000000a997a00000)]
  0x00000207bbbd72f0 JavaThread "Reference Handler" daemon [_thread_blocked, id=676, stack(0x000000a998000000,0x000000a998100000)]
  0x00000207bbbd7eb0 JavaThread "Finalizer" daemon [_thread_blocked, id=2280, stack(0x000000a998100000,0x000000a998200000)]
  0x00000207bbbe9530 JavaThread "Signal Dispatcher" daemon [_thread_blocked, id=18440, stack(0x000000a998200000,0x000000a998300000)]
  0x00000207bbbe9e00 JavaThread "Attach Listener" daemon [_thread_blocked, id=16928, stack(0x000000a998300000,0x000000a998400000)]
  0x00000207bbbea7c0 JavaThread "Service Thread" daemon [_thread_blocked, id=11092, stack(0x000000a998400000,0x000000a998500000)]
  0x00000207bbbeb180 JavaThread "Monitor Deflation Thread" daemon [_thread_blocked, id=29020, stack(0x000000a998500000,0x000000a998600000)]
  0x00000207bbbee280 JavaThread "C2 CompilerThread0" daemon [_thread_blocked, id=27820, stack(0x000000a998600000,0x000000a998700000)]
  0x00000207fd1140b0 JavaThread "C1 CompilerThread0" daemon [_thread_blocked, id=7252, stack(0x000000a998700000,0x000000a998800000)]
  0x00000207fd1149c0 JavaThread "Sweeper thread" daemon [_thread_blocked, id=14308, stack(0x000000a998800000,0x000000a998900000)]
  0x00000207bbbc2a50 JavaThread "Common-Cleaner" daemon [_thread_blocked, id=31420, stack(0x000000a998900000,0x000000a998a00000)]
  0x00000207fd28e9e0 JavaThread "Notification Thread" daemon [_thread_blocked, id=6572, stack(0x000000a998a00000,0x000000a998b00000)]
  0x00000207fd2b4ee0 JavaThread "C2 CompilerThread1" daemon [_thread_blocked, id=6528, stack(0x000000a998c00000,0x000000a998d00000)]

Other Threads:
  0x00000207bbbd0830 VMThread "VM Thread" [stack: 0x000000a997f00000,0x000000a998000000] [id=28720]
  0x00000207988ff2a0 WatcherThread [stack: 0x000000a998b00000,0x000000a998c00000] [id=31240]
  0x00000207988e59c0 GCTaskThread "GC Thread#0" [stack: 0x000000a997a00000,0x000000a997b00000] [id=15796]
  0x00000207988f66c0 ConcurrentGCThread "G1 Main Marker" [stack: 0x000000a997b00000,0x000000a997c00000] [id=15112]
  0x00000207988f7870 ConcurrentGCThread "G1 Conc#0" [stack: 0x000000a997c00000,0x000000a997d00000] [id=24556]
  0x000002079893e520 ConcurrentGCThread "G1 Refine#0" [stack: 0x000000a997d00000,0x000000a997e00000] [id=10108]
  0x00000207bba8a520 ConcurrentGCThread "G1 Service" [stack: 0x000000a997e00000,0x000000a997f00000] [id=15044]

Threads with active compile tasks:

VM state: not at safepoint (normal execution)

VM Mutex/Monitor currently owned by a thread:  ([mutex/lock_event])
[0x00000207988741d0] Metaspace_lock - owner thread: 0x0000020798879d50

Heap address: 0x0000000703a00000, size: 4038 MB, Compressed Oops mode: Zero based, Oop shift amount: 3

CDS archive(s) mapped at: [0x00000207bbc00000-0x00000207bc800000-0x00000207bc800000), size 12582912, SharedBaseAddress: 0x00000207bbc00000, ArchiveRelocationMode: 0.
Compressed class space mapped at: 0x00000207bc800000-0x00000207fc800000, reserved size: 1073741824
Narrow klass base: 0x00000207bbc00000, Narrow klass shift: 0, Narrow klass range: 0x100000000

GC Precious Log:
 CPUs: 12 total, 12 available
 Memory: 16145M
 Large Page Support: Disabled
 NUMA Support: Disabled
 Compressed Oops: Enabled (Zero based)
 Heap Region Size: 2M
 Heap Min Capacity: 8M
 Heap Initial Capacity: 254M
 Heap Max Capacity: 4038M
 Pre-touch: Disabled
 Parallel Workers: 10
 Concurrent Workers: 3
 Concurrent Refinement Workers: 10
 Periodic GC: Disabled

Heap:
 garbage-first heap   total 260096K, used 2048K [0x0000000703a00000, 0x0000000800000000)
  region size 2048K, 2 young (4096K), 0 survivors (0K)
 Metaspace       used 978K, committed 1152K, reserved 1056768K
  class space    used 80K, committed 192K, reserved 1048576K

Heap Regions: E=young(eden), S=young(survivor), O=old, HS=humongous(starts), HC=humongous(continues), CS=collection set, F=free, OA=open archive, CA=closed archive, TAMS=top-at-mark-start (previous, next)
|   0|0x0000000703a00000, 0x0000000703a00000, 0x0000000703c00000|  0%| F|  |TAMS 0x0000000703a00000, 0x0000000703a00000| Untracked 
|   1|0x0000000703c00000, 0x0000000703c00000, 0x0000000703e00000|  0%| F|  |TAMS 0x0000000703c00000, 0x0000000703c00000| Untracked 
|   2|0x0000000703e00000, 0x0000000703e00000, 0x0000000704000000|  0%| F|  |TAMS 0x0000000703e00000, 0x0000000703e00000| Untracked 
|   3|0x0000000704000000, 0x0000000704000000, 0x0000000704200000|  0%| F|  |TAMS 0x0000000704000000, 0x0000000704000000| Untracked 
|   4|0x0000000704200000, 0x0000000704200000, 0x0000000704400000|  0%| F|  |TAMS 0x0000000704200000, 0x0000000704200000| Untracked 
|   5|0x0000000704400000, 0x0000000704400000, 0x0000000704600000|  0%| F|  |TAMS 0x0000000704400000, 0x0000000704400000| Untracked 
|   6|0x0000000704600000, 0x0000000704600000, 0x0000000704800000|  0%| F|  |TAMS 0x0000000704600000, 0x0000000704600000| Untracked 
|   7|0x0000000704800000, 0x0000000704800000, 0x0000000704a00000|  0%| F|  |TAMS 0x0000000704800000, 0x0000000704800000| Untracked 
|   8|0x0000000704a00000, 0x0000000704a00000, 0x0000000704c00000|  0%| F|  |TAMS 0x0000000704a00000, 0x0000000704a00000| Untracked 
|   9|0x0000000704c00000, 0x0000000704c00000, 0x0000000704e00000|  0%| F|  |TAMS 0x0000000704c00000, 0x0000000704c00000| Untracked 
|  10|0x0000000704e00000, 0x0000000704e00000, 0x0000000705000000|  0%| F|  |TAMS 0x0000000704e00000, 0x0000000704e00000| Untracked 
|  11|0x0000000705000000, 0x0000000705000000, 0x0000000705200000|  0%| F|  |TAMS 0x0000000705000000, 0x0000000705000000| Untracked 
|  12|0x0000000705200000, 0x0000000705200000, 0x0000000705400000|  0%| F|  |TAMS 0x0000000705200000, 0x0000000705200000| Untracked 
|  13|0x0000000705400000, 0x0000000705400000, 0x0000000705600000|  0%| F|  |TAMS 0x0000000705400000, 0x0000000705400000| Untracked 
|  14|0x0000000705600000, 0x0000000705600000, 0x0000000705800000|  0%| F|  |TAMS 0x0000000705600000, 0x0000000705600000| Untracked 
|  15|0x0000000705800000, 0x0000000705800000, 0x0000000705a00000|  0%| F|  |TAMS 0x0000000705800000, 0x0000000705800000| Untracked 
|  16|0x0000000705a00000, 0x0000000705a00000, 0x0000000705c00000|  0%| F|  |TAMS 0x0000000705a00000, 0x0000000705a00000| Untracked 
|  17|0x0000000705c00000, 0x0000000705c00000, 0x0000000705e00000|  0%| F|  |TAMS 0x0000000705c00000, 0x0000000705c00000| Untracked 
|  18|0x0000000705e00000, 0x0000000705e00000, 0x0000000706000000|  0%| F|  |TAMS 0x0000000705e00000, 0x0000000705e00000| Untracked 
|  19|0x0000000706000000, 0x0000000706000000, 0x0000000706200000|  0%| F|  |TAMS 0x0000000706000000, 0x0000000706000000| Untracked 
|  20|0x0000000706200000, 0x0000000706200000, 0x0000000706400000|  0%| F|  |TAMS 0x0000000706200000, 0x0000000706200000| Untracked 
|  21|0x0000000706400000, 0x0000000706400000, 0x0000000706600000|  0%| F|  |TAMS 0x0000000706400000, 0x0000000706400000| Untracked 
|  22|0x0000000706600000, 0x0000000706600000, 0x0000000706800000|  0%| F|  |TAMS 0x0000000706600000, 0x0000000706600000| Untracked 
|  23|0x0000000706800000, 0x0000000706800000, 0x0000000706a00000|  0%| F|  |TAMS 0x0000000706800000, 0x0000000706800000| Untracked 
|  24|0x0000000706a00000, 0x0000000706a00000, 0x0000000706c00000|  0%| F|  |TAMS 0x0000000706a00000, 0x0000000706a00000| Untracked 
|  25|0x0000000706c00000, 0x0000000706c00000, 0x0000000706e00000|  0%| F|  |TAMS 0x0000000706c00000, 0x0000000706c00000| Untracked 
|  26|0x0000000706e00000, 0x0000000706e00000, 0x0000000707000000|  0%| F|  |TAMS 0x0000000706e00000, 0x0000000706e00000| Untracked 
|  27|0x0000000707000000, 0x0000000707000000, 0x0000000707200000|  0%| F|  |TAMS 0x0000000707000000, 0x0000000707000000| Untracked 
|  28|0x0000000707200000, 0x0000000707200000, 0x0000000707400000|  0%| F|  |TAMS 0x0000000707200000, 0x0000000707200000| Untracked 
|  29|0x0000000707400000, 0x0000000707400000, 0x0000000707600000|  0%| F|  |TAMS 0x0000000707400000, 0x0000000707400000| Untracked 
|  30|0x0000000707600000, 0x0000000707600000, 0x0000000707800000|  0%| F|  |TAMS 0x0000000707600000, 0x0000000707600000| Untracked 
|  31|0x0000000707800000, 0x0000000707800000, 0x0000000707a00000|  0%| F|  |TAMS 0x0000000707800000, 0x0000000707800000| Untracked 
|  32|0x0000000707a00000, 0x0000000707a00000, 0x0000000707c00000|  0%| F|  |TAMS 0x0000000707a00000, 0x0000000707a00000| Untracked 
|  33|0x0000000707c00000, 0x0000000707c00000, 0x0000000707e00000|  0%| F|  |TAMS 0x0000000707c00000, 0x0000000707c00000| Untracked 
|  34|0x0000000707e00000, 0x0000000707e00000, 0x0000000708000000|  0%| F|  |TAMS 0x0000000707e00000, 0x0000000707e00000| Untracked 
|  35|0x0000000708000000, 0x0000000708000000, 0x0000000708200000|  0%| F|  |TAMS 0x0000000708000000, 0x0000000708000000| Untracked 
|  36|0x0000000708200000, 0x0000000708200000, 0x0000000708400000|  0%| F|  |TAMS 0x0000000708200000, 0x0000000708200000| Untracked 
|  37|0x0000000708400000, 0x0000000708400000, 0x0000000708600000|  0%| F|  |TAMS 0x0000000708400000, 0x0000000708400000| Untracked 
|  38|0x0000000708600000, 0x0000000708600000, 0x0000000708800000|  0%| F|  |TAMS 0x0000000708600000, 0x0000000708600000| Untracked 
|  39|0x0000000708800000, 0x0000000708800000, 0x0000000708a00000|  0%| F|  |TAMS 0x0000000708800000, 0x0000000708800000| Untracked 
|  40|0x0000000708a00000, 0x0000000708a00000, 0x0000000708c00000|  0%| F|  |TAMS 0x0000000708a00000, 0x0000000708a00000| Untracked 
|  41|0x0000000708c00000, 0x0000000708c00000, 0x0000000708e00000|  0%| F|  |TAMS 0x0000000708c00000, 0x0000000708c00000| Untracked 
|  42|0x0000000708e00000, 0x0000000708e00000, 0x0000000709000000|  0%| F|  |TAMS 0x0000000708e00000, 0x0000000708e00000| Untracked 
|  43|0x0000000709000000, 0x0000000709000000, 0x0000000709200000|  0%| F|  |TAMS 0x0000000709000000, 0x0000000709000000| Untracked 
|  44|0x0000000709200000, 0x0000000709200000, 0x0000000709400000|  0%| F|  |TAMS 0x0000000709200000, 0x0000000709200000| Untracked 
|  45|0x0000000709400000, 0x0000000709400000, 0x0000000709600000|  0%| F|  |TAMS 0x0000000709400000, 0x0000000709400000| Untracked 
|  46|0x0000000709600000, 0x0000000709600000, 0x0000000709800000|  0%| F|  |TAMS 0x0000000709600000, 0x0000000709600000| Untracked 
|  47|0x0000000709800000, 0x0000000709800000, 0x0000000709a00000|  0%| F|  |TAMS 0x0000000709800000, 0x0000000709800000| Untracked 
|  48|0x0000000709a00000, 0x0000000709a00000, 0x0000000709c00000|  0%| F|  |TAMS 0x0000000709a00000, 0x0000000709a00000| Untracked 
|  49|0x0000000709c00000, 0x0000000709c00000, 0x0000000709e00000|  0%| F|  |TAMS 0x0000000709c00000, 0x0000000709c00000| Untracked 
|  50|0x0000000709e00000, 0x0000000709e00000, 0x000000070a000000|  0%| F|  |TAMS 0x0000000709e00000, 0x0000000709e00000| Untracked 
|  51|0x000000070a000000, 0x000000070a000000, 0x000000070a200000|  0%| F|  |TAMS 0x000000070a000000, 0x000000070a000000| Untracked 
|  52|0x000000070a200000, 0x000000070a200000, 0x000000070a400000|  0%| F|  |TAMS 0x000000070a200000, 0x000000070a200000| Untracked 
|  53|0x000000070a400000, 0x000000070a400000, 0x000000070a600000|  0%| F|  |TAMS 0x000000070a400000, 0x000000070a400000| Untracked 
|  54|0x000000070a600000, 0x000000070a600000, 0x000000070a800000|  0%| F|  |TAMS 0x000000070a600000, 0x000000070a600000| Untracked 
|  55|0x000000070a800000, 0x000000070a800000, 0x000000070aa00000|  0%| F|  |TAMS 0x000000070a800000, 0x000000070a800000| Untracked 
|  56|0x000000070aa00000, 0x000000070aa00000, 0x000000070ac00000|  0%| F|  |TAMS 0x000000070aa00000, 0x000000070aa00000| Untracked 
|  57|0x000000070ac00000, 0x000000070ac00000, 0x000000070ae00000|  0%| F|  |TAMS 0x000000070ac00000, 0x000000070ac00000| Untracked 
|  58|0x000000070ae00000, 0x000000070ae00000, 0x000000070b000000|  0%| F|  |TAMS 0x000000070ae00000, 0x000000070ae00000| Untracked 
|  59|0x000000070b000000, 0x000000070b000000, 0x000000070b200000|  0%| F|  |TAMS 0x000000070b000000, 0x000000070b000000| Untracked 
|  60|0x000000070b200000, 0x000000070b200000, 0x000000070b400000|  0%| F|  |TAMS 0x000000070b200000, 0x000000070b200000| Untracked 
|  61|0x000000070b400000, 0x000000070b400000, 0x000000070b600000|  0%| F|  |TAMS 0x000000070b400000, 0x000000070b400000| Untracked 
|  62|0x000000070b600000, 0x000000070b600000, 0x000000070b800000|  0%| F|  |TAMS 0x000000070b600000, 0x000000070b600000| Untracked 
|  63|0x000000070b800000, 0x000000070b800000, 0x000000070ba00000|  0%| F|  |TAMS 0x000000070b800000, 0x000000070b800000| Untracked 
|  64|0x000000070ba00000, 0x000000070ba00000, 0x000000070bc00000|  0%| F|  |TAMS 0x000000070ba00000, 0x000000070ba00000| Untracked 
|  65|0x000000070bc00000, 0x000000070bc00000, 0x000000070be00000|  0%| F|  |TAMS 0x000000070bc00000, 0x000000070bc00000| Untracked 
|  66|0x000000070be00000, 0x000000070be00000, 0x000000070c000000|  0%| F|  |TAMS 0x000000070be00000, 0x000000070be00000| Untracked 
|  67|0x000000070c000000, 0x000000070c000000, 0x000000070c200000|  0%| F|  |TAMS 0x000000070c000000, 0x000000070c000000| Untracked 
|  68|0x000000070c200000, 0x000000070c200000, 0x000000070c400000|  0%| F|  |TAMS 0x000000070c200000, 0x000000070c200000| Untracked 
|  69|0x000000070c400000, 0x000000070c400000, 0x000000070c600000|  0%| F|  |TAMS 0x000000070c400000, 0x000000070c400000| Untracked 
|  70|0x000000070c600000, 0x000000070c600000, 0x000000070c800000|  0%| F|  |TAMS 0x000000070c600000, 0x000000070c600000| Untracked 
|  71|0x000000070c800000, 0x000000070c800000, 0x000000070ca00000|  0%| F|  |TAMS 0x000000070c800000, 0x000000070c800000| Untracked 
|  72|0x000000070ca00000, 0x000000070ca00000, 0x000000070cc00000|  0%| F|  |TAMS 0x000000070ca00000, 0x000000070ca00000| Untracked 
|  73|0x000000070cc00000, 0x000000070cc00000, 0x000000070ce00000|  0%| F|  |TAMS 0x000000070cc00000, 0x000000070cc00000| Untracked 
|  74|0x000000070ce00000, 0x000000070ce00000, 0x000000070d000000|  0%| F|  |TAMS 0x000000070ce00000, 0x000000070ce00000| Untracked 
|  75|0x000000070d000000, 0x000000070d000000, 0x000000070d200000|  0%| F|  |TAMS 0x000000070d000000, 0x000000070d000000| Untracked 
|  76|0x000000070d200000, 0x000000070d200000, 0x000000070d400000|  0%| F|  |TAMS 0x000000070d200000, 0x000000070d200000| Untracked 
|  77|0x000000070d400000, 0x000000070d400000, 0x000000070d600000|  0%| F|  |TAMS 0x000000070d400000, 0x000000070d400000| Untracked 
|  78|0x000000070d600000, 0x000000070d600000, 0x000000070d800000|  0%| F|  |TAMS 0x000000070d600000, 0x000000070d600000| Untracked 
|  79|0x000000070d800000, 0x000000070d800000, 0x000000070da00000|  0%| F|  |TAMS 0x000000070d800000, 0x000000070d800000| Untracked 
|  80|0x000000070da00000, 0x000000070da00000, 0x000000070dc00000|  0%| F|  |TAMS 0x000000070da00000, 0x000000070da00000| Untracked 
|  81|0x000000070dc00000, 0x000000070dc00000, 0x000000070de00000|  0%| F|  |TAMS 0x000000070dc00000, 0x000000070dc00000| Untracked 
|  82|0x000000070de00000, 0x000000070de00000, 0x000000070e000000|  0%| F|  |TAMS 0x000000070de00000, 0x000000070de00000| Untracked 
|  83|0x000000070e000000, 0x000000070e000000, 0x000000070e200000|  0%| F|  |TAMS 0x000000070e000000, 0x000000070e000000| Untracked 
|  84|0x000000070e200000, 0x000000070e200000, 0x000000070e400000|  0%| F|  |TAMS 0x000000070e200000, 0x000000070e200000| Untracked 
|  85|0x000000070e400000, 0x000000070e400000, 0x000000070e600000|  0%| F|  |TAMS 0x000000070e400000, 0x000000070e400000| Untracked 
|  86|0x000000070e600000, 0x000000070e600000, 0x000000070e800000|  0%| F|  |TAMS 0x000000070e600000, 0x000000070e600000| Untracked 
|  87|0x000000070e800000, 0x000000070e800000, 0x000000070ea00000|  0%| F|  |TAMS 0x000000070e800000, 0x000000070e800000| Untracked 
|  88|0x000000070ea00000, 0x000000070ea00000, 0x000000070ec00000|  0%| F|  |TAMS 0x000000070ea00000, 0x000000070ea00000| Untracked 
|  89|0x000000070ec00000, 0x000000070ec00000, 0x000000070ee00000|  0%| F|  |TAMS 0x000000070ec00000, 0x000000070ec00000| Untracked 
|  90|0x000000070ee00000, 0x000000070ee00000, 0x000000070f000000|  0%| F|  |TAMS 0x000000070ee00000, 0x000000070ee00000| Untracked 
|  91|0x000000070f000000, 0x000000070f000000, 0x000000070f200000|  0%| F|  |TAMS 0x000000070f000000, 0x000000070f000000| Untracked 
|  92|0x000000070f200000, 0x000000070f200000, 0x000000070f400000|  0%| F|  |TAMS 0x000000070f200000, 0x000000070f200000| Untracked 
|  93|0x000000070f400000, 0x000000070f400000, 0x000000070f600000|  0%| F|  |TAMS 0x000000070f400000, 0x000000070f400000| Untracked 
|  94|0x000000070f600000, 0x000000070f600000, 0x000000070f800000|  0%| F|  |TAMS 0x000000070f600000, 0x000000070f600000| Untracked 
|  95|0x000000070f800000, 0x000000070f800000, 0x000000070fa00000|  0%| F|  |TAMS 0x000000070f800000, 0x000000070f800000| Untracked 
|  96|0x000000070fa00000, 0x000000070fa00000, 0x000000070fc00000|  0%| F|  |TAMS 0x000000070fa00000, 0x000000070fa00000| Untracked 
|  97|0x000000070fc00000, 0x000000070fc00000, 0x000000070fe00000|  0%| F|  |TAMS 0x000000070fc00000, 0x000000070fc00000| Untracked 
|  98|0x000000070fe00000, 0x000000070fe00000, 0x0000000710000000|  0%| F|  |TAMS 0x000000070fe00000, 0x000000070fe00000| Untracked 
|  99|0x0000000710000000, 0x0000000710000000, 0x0000000710200000|  0%| F|  |TAMS 0x0000000710000000, 0x0000000710000000| Untracked 
| 100|0x0000000710200000, 0x0000000710200000, 0x0000000710400000|  0%| F|  |TAMS 0x0000000710200000, 0x0000000710200000| Untracked 
| 101|0x0000000710400000, 0x0000000710400000, 0x0000000710600000|  0%| F|  |TAMS 0x0000000710400000, 0x0000000710400000| Untracked 
| 102|0x0000000710600000, 0x0000000710600000, 0x0000000710800000|  0%| F|  |TAMS 0x0000000710600000, 0x0000000710600000| Untracked 
| 103|0x0000000710800000, 0x0000000710800000, 0x0000000710a00000|  0%| F|  |TAMS 0x0000000710800000, 0x0000000710800000| Untracked 
| 104|0x0000000710a00000, 0x0000000710a00000, 0x0000000710c00000|  0%| F|  |TAMS 0x0000000710a00000, 0x0000000710a00000| Untracked 
| 105|0x0000000710c00000, 0x0000000710c00000, 0x0000000710e00000|  0%| F|  |TAMS 0x0000000710c00000, 0x0000000710c00000| Untracked 
| 106|0x0000000710e00000, 0x0000000710e00000, 0x0000000711000000|  0%| F|  |TAMS 0x0000000710e00000, 0x0000000710e00000| Untracked 
| 107|0x0000000711000000, 0x0000000711000000, 0x0000000711200000|  0%| F|  |TAMS 0x0000000711000000, 0x0000000711000000| Untracked 
| 108|0x0000000711200000, 0x0000000711200000, 0x0000000711400000|  0%| F|  |TAMS 0x0000000711200000, 0x0000000711200000| Untracked 
| 109|0x0000000711400000, 0x0000000711400000, 0x0000000711600000|  0%| F|  |TAMS 0x0000000711400000, 0x0000000711400000| Untracked 
| 110|0x0000000711600000, 0x0000000711600000, 0x0000000711800000|  0%| F|  |TAMS 0x0000000711600000, 0x0000000711600000| Untracked 
| 111|0x0000000711800000, 0x0000000711800000, 0x0000000711a00000|  0%| F|  |TAMS 0x0000000711800000, 0x0000000711800000| Untracked 
| 112|0x0000000711a00000, 0x0000000711a00000, 0x0000000711c00000|  0%| F|  |TAMS 0x0000000711a00000, 0x0000000711a00000| Untracked 
| 113|0x0000000711c00000, 0x0000000711c00000, 0x0000000711e00000|  0%| F|  |TAMS 0x0000000711c00000, 0x0000000711c00000| Untracked 
| 114|0x0000000711e00000, 0x0000000711e00000, 0x0000000712000000|  0%| F|  |TAMS 0x0000000711e00000, 0x0000000711e00000| Untracked 
| 115|0x0000000712000000, 0x0000000712000000, 0x0000000712200000|  0%| F|  |TAMS 0x0000000712000000, 0x0000000712000000| Untracked 
| 116|0x0000000712200000, 0x0000000712200000, 0x0000000712400000|  0%| F|  |TAMS 0x0000000712200000, 0x0000000712200000| Untracked 
| 117|0x0000000712400000, 0x0000000712400000, 0x0000000712600000|  0%| F|  |TAMS 0x0000000712400000, 0x0000000712400000| Untracked 
| 118|0x0000000712600000, 0x0000000712600000, 0x0000000712800000|  0%| F|  |TAMS 0x0000000712600000, 0x0000000712600000| Untracked 
| 119|0x0000000712800000, 0x0000000712800000, 0x0000000712a00000|  0%| F|  |TAMS 0x0000000712800000, 0x0000000712800000| Untracked 
| 120|0x0000000712a00000, 0x0000000712a00000, 0x0000000712c00000|  0%| F|  |TAMS 0x0000000712a00000, 0x0000000712a00000| Untracked 
| 121|0x0000000712c00000, 0x0000000712c00000, 0x0000000712e00000|  0%| F|  |TAMS 0x0000000712c00000, 0x0000000712c00000| Untracked 
| 122|0x0000000712e00000, 0x0000000712e00000, 0x0000000713000000|  0%| F|  |TAMS 0x0000000712e00000, 0x0000000712e00000| Untracked 
| 123|0x0000000713000000, 0x0000000713000000, 0x0000000713200000|  0%| F|  |TAMS 0x0000000713000000, 0x0000000713000000| Untracked 
| 124|0x0000000713200000, 0x0000000713200000, 0x0000000713400000|  0%| F|  |TAMS 0x0000000713200000, 0x0000000713200000| Untracked 
| 125|0x0000000713400000, 0x0000000713471258, 0x0000000713600000| 22%| E|  |TAMS 0x0000000713400000, 0x0000000713400000| Complete 
| 126|0x0000000713600000, 0x0000000713800000, 0x0000000713800000|100%| E|CS|TAMS 0x0000000713600000, 0x0000000713600000| Complete 

Card table byte_map: [0x00000207b0130000,0x00000207b0920000] _byte_map_base: 0x00000207ac913000

Marking Bits (Prev, Next): (CMBitMap*) 0x00000207988e5fe0, (CMBitMap*) 0x00000207988e6020
 Prev Bits: [0x00000207b1110000, 0x00000207b5028000)
 Next Bits: [0x00000207b5030000, 0x00000207b8f48000)

Polling page: 0x0000020796810000

Metaspace:

Usage:
  Non-class:    897.92 KB used.
      Class:     80.93 KB used.
       Both:    978.85 KB used.

Virtual space:
  Non-class space:        8.00 MB reserved,     960.00 KB ( 12%) committed,  1 nodes.
      Class space:        1.00 GB reserved,     192.00 KB ( <1%) committed,  1 nodes.
             Both:        1.01 GB reserved,       1.12 MB ( <1%) committed. 

Chunk freelists:
   Non-Class:  3.99 MB
       Class:  3.74 MB
        Both:  7.73 MB

MaxMetaspaceSize: unlimited
CompressedClassSpaceSize: 1.00 GB
Initial GC threshold: 21.00 MB
Current GC threshold: 21.00 MB
CDS: on
MetaspaceReclaimPolicy: balanced
 - commit_granule_bytes: 65536.
 - commit_granule_words: 8192.
 - virtual_space_node_default_size: 1048576.
 - enlarge_chunks_in_place: 1.
 - new_chunks_are_fully_committed: 0.
 - uncommit_free_chunks: 1.
 - use_allocation_guard: 0.
 - handle_deallocations: 1.


Internal statistics:

num_allocs_failed_limit: 0.
num_arena_births: 6.
num_arena_deaths: 0.
num_vsnodes_births: 2.
num_vsnodes_deaths: 0.
num_space_committed: 18.
num_space_uncommitted: 0.
num_chunks_returned_to_freelist: 0.
num_chunks_taken_from_freelist: 8.
num_chunk_merges: 0.
num_chunk_splits: 2.
num_chunks_enlarged: 1.
num_purges: 0.
num_inconsistent_stats: 0.

CodeHeap 'non-profiled nmethods': size=120000Kb used=65Kb max_used=65Kb free=119934Kb
 bounds [0x00000207a7ec0000, 0x00000207a8130000, 0x00000207af3f0000]
CodeHeap 'profiled nmethods': size=120000Kb used=201Kb max_used=201Kb free=119798Kb
 bounds [0x00000207a0990000, 0x00000207a0c00000, 0x00000207a7ec0000]
CodeHeap 'non-nmethods': size=5760Kb used=1099Kb max_used=1114Kb free=4660Kb
 bounds [0x00000207a03f0000, 0x00000207a0660000, 0x00000207a0990000]
 total_blobs=567 nmethods=194 adapters=286
 compilation: enabled
              stopped_count=0, restarted_count=0
 full_count=0

Compilation events (20 events):
Event: 0.082 Thread 0x00000207fd1140b0 nmethod 186 0x00000207a09c0610 code [0x00000207a09c07c0, 0x00000207a09c0af8]
Event: 0.082 Thread 0x00000207fd1140b0  189       3       java.lang.Math::max (11 bytes)
Event: 0.082 Thread 0x00000207fd1140b0 nmethod 189 0x00000207a09c0c90 code [0x00000207a09c0e20, 0x00000207a09c0f58]
Event: 0.083 Thread 0x00000207fd1140b0  190       3       java.lang.String::substring (58 bytes)
Event: 0.084 Thread 0x00000207fd1140b0 nmethod 190 0x00000207a09c1010 code [0x00000207a09c1200, 0x00000207a09c16a8]
Event: 0.084 Thread 0x00000207fd1140b0  191       3       sun.nio.fs.WindowsPathParser::isInvalidPathChar (22 bytes)
Event: 0.084 Thread 0x00000207fd1140b0 nmethod 191 0x00000207a09c1890 code [0x00000207a09c1a60, 0x00000207a09c1da8]
Event: 0.084 Thread 0x00000207bbbee280 nmethod 154 0x00000207a7ece390 code [0x00000207a7ece560, 0x00000207a7ecef58]
Event: 0.084 Thread 0x00000207bbbee280  192       4       java.util.zip.ZipCoder$UTF8ZipCoder::checkedHash (91 bytes)
Event: 0.084 Thread 0x00000207fd2b4ee0  177       4       java.util.zip.ZipUtils::SH (21 bytes)
Event: 0.084 Thread 0x00000207fd1140b0  193       3       java.io.WinNTFileSystem::isSlash (18 bytes)
Event: 0.084 Thread 0x00000207fd1140b0 nmethod 193 0x00000207a09c1f10 code [0x00000207a09c20a0, 0x00000207a09c2238]
Event: 0.085 Thread 0x00000207fd2b4ee0 nmethod 177 0x00000207a7ecf490 code [0x00000207a7ecf600, 0x00000207a7ecf6b8]
Event: 0.085 Thread 0x00000207fd2b4ee0  161       4       java.util.HashMap::newNode (13 bytes)
Event: 0.086 Thread 0x00000207fd2b4ee0 nmethod 161 0x00000207a7ecf790 code [0x00000207a7ecf920, 0x00000207a7ecfa38]
Event: 0.086 Thread 0x00000207fd2b4ee0  138       4       java.lang.String::equals (56 bytes)
Event: 0.087 Thread 0x00000207fd2b4ee0 nmethod 138 0x00000207a7ecfb10 code [0x00000207a7ecfc80, 0x00000207a7ecfe78]
Event: 0.088 Thread 0x00000207bbbee280 nmethod 192 0x00000207a7ecff10 code [0x00000207a7ed00a0, 0x00000207a7ed0378]
Event: 0.092 Thread 0x00000207fd1140b0  194       3       java.lang.String::isEmpty (14 bytes)
Event: 0.092 Thread 0x00000207fd1140b0 nmethod 194 0x00000207a09c2310 code [0x00000207a09c24a0, 0x00000207a09c2618]

GC Heap History (0 events):
No events

Dll operation events (5 events):
Event: 0.008 Loaded shared library C:\Program Files\Apache NetBeans\jdk\bin\java.dll
Event: 0.032 Loaded shared library C:\Program Files\Apache NetBeans\jdk\bin\jsvml.dll
Event: 0.063 Loaded shared library C:\Program Files\Apache NetBeans\jdk\bin\net.dll
Event: 0.065 Loaded shared library C:\Program Files\Apache NetBeans\jdk\bin\nio.dll
Event: 0.081 Loaded shared library C:\Program Files\Apache NetBeans\jdk\bin\zip.dll

Deoptimization events (0 events):
No events

Classes unloaded (0 events):
No events

Classes redefined (0 events):
No events

Internal exceptions (5 events):
Event: 0.066 Thread 0x0000020798879d50 Exception <a 'sun/nio/fs/WindowsException'{0x00000007137283f8}> (0x00000007137283f8) 
thrown [s\src\hotspot\share\prims\jni.cpp, line 516]
Event: 0.066 Thread 0x0000020798879d50 Exception <a 'sun/nio/fs/WindowsException'{0x0000000713728978}> (0x0000000713728978) 
thrown [s\src\hotspot\share\prims\jni.cpp, line 516]
Event: 0.067 Thread 0x0000020798879d50 Exception <a 'sun/nio/fs/WindowsException'{0x000000071372ae60}> (0x000000071372ae60) 
thrown [s\src\hotspot\share\prims\jni.cpp, line 516]
Event: 0.067 Thread 0x0000020798879d50 Exception <a 'sun/nio/fs/WindowsException'{0x000000071372b978}> (0x000000071372b978) 
thrown [s\src\hotspot\share\prims\jni.cpp, line 516]
Event: 0.067 Thread 0x0000020798879d50 Exception <a 'sun/nio/fs/WindowsException'{0x000000071372c490}> (0x000000071372c490) 
thrown [s\src\hotspot\share\prims\jni.cpp, line 516]

VM Operations (2 events):
Event: 0.068 Executing VM operation: HandshakeAllThreads
Event: 0.068 Executing VM operation: HandshakeAllThreads done

Events (20 events):
Event: 0.090 loading class javax/swing/JLabel
Event: 0.090 loading class javax/swing/SwingConstants
Event: 0.090 loading class javax/swing/SwingConstants done
Event: 0.090 loading class javax/swing/JComponent
Event: 0.091 loading class javax/swing/JComponent done
Event: 0.091 loading class javax/swing/JLabel done
Event: 0.091 loading class javax/swing/JTextField
Event: 0.091 loading class javax/swing/text/JTextComponent
Event: 0.091 loading class javax/swing/Scrollable
Event: 0.091 loading class javax/swing/Scrollable done
Event: 0.091 loading class javax/swing/text/JTextComponent done
Event: 0.092 loading class javax/swing/JTextField done
Event: 0.092 loading class javax/swing/JComboBox
Event: 0.092 loading class java/awt/ItemSelectable
Event: 0.092 loading class java/awt/ItemSelectable done
Event: 0.092 loading class javax/swing/event/ListDataListener
Event: 0.092 loading class javax/swing/event/ListDataListener done
Event: 0.092 loading class javax/swing/JComboBox done
Event: 0.092 loading class javax/swing/JButton
Event: 0.092 loading class javax/swing/AbstractButton


Dynamic libraries:
0x00007ff6cd1a0000 - 0x00007ff6cd1ae000 	C:\Program Files\Apache NetBeans\jdk\bin\java.exe
0x00007ff80cbf0000 - 0x00007ff80ce04000 	C:\WINDOWS\SYSTEM32\ntdll.dll
0x00007ff80b0b0000 - 0x00007ff80b173000 	C:\WINDOWS\System32\KERNEL32.DLL
0x00007ff80a010000 - 0x00007ff80a3ad000 	C:\WINDOWS\System32\KERNELBASE.dll
0x00007ff80a800000 - 0x00007ff80a911000 	C:\WINDOWS\System32\ucrtbase.dll
0x00007fffdb460000 - 0x00007fffdb47b000 	C:\Program Files\Apache NetBeans\jdk\bin\VCRUNTIME140.dll
0x00007fffe8770000 - 0x00007fffe8787000 	C:\Program Files\Apache NetBeans\jdk\bin\jli.dll
0x00007ff80b470000 - 0x00007ff80b61d000 	C:\WINDOWS\System32\USER32.dll
0x00007ff80a6b0000 - 0x00007ff80a6d6000 	C:\WINDOWS\System32\win32u.dll
0x00007fffdc8e0000 - 0x00007fffdcb6e000 	C:\WINDOWS\WinSxS\amd64_microsoft.windows.common-controls_6595b64144ccf1df_6.0.22621.608_none_a9444ca7c10bb01d\COMCTL32.dll
0x00007ff80c730000 - 0x00007ff80c759000 	C:\WINDOWS\System32\GDI32.dll
0x00007ff80cb00000 - 0x00007ff80cba7000 	C:\WINDOWS\System32\msvcrt.dll
0x00007ff80a520000 - 0x00007ff80a632000 	C:\WINDOWS\System32\gdi32full.dll
0x00007ff80a6e0000 - 0x00007ff80a77a000 	C:\WINDOWS\System32\msvcp_win.dll
0x00007ff80af00000 - 0x00007ff80af32000 	C:\WINDOWS\System32\IMM32.DLL
0x00007ff8003f0000 - 0x00007ff8003fc000 	C:\Program Files\Apache NetBeans\jdk\bin\vcruntime140_1.dll
0x00007fffc7350000 - 0x00007fffc73dd000 	C:\Program Files\Apache NetBeans\jdk\bin\msvcp140.dll
0x00007fff73440000 - 0x00007fff740a2000 	C:\Program Files\Apache NetBeans\jdk\bin\server\jvm.dll
0x00007ff80b620000 - 0x00007ff80b6ce000 	C:\WINDOWS\System32\ADVAPI32.dll
0x00007ff80ca50000 - 0x00007ff80caf4000 	C:\WINDOWS\System32\sechost.dll
0x00007ff80c930000 - 0x00007ff80ca45000 	C:\WINDOWS\System32\RPCRT4.dll
0x00007ffffe7d0000 - 0x00007ffffe804000 	C:\WINDOWS\SYSTEM32\WINMM.dll
0x00007fffefd30000 - 0x00007fffefd39000 	C:\WINDOWS\SYSTEM32\WSOCK32.dll
0x00007ffffd620000 - 0x00007ffffd62a000 	C:\WINDOWS\SYSTEM32\VERSION.dll
0x00007ff80b320000 - 0x00007ff80b391000 	C:\WINDOWS\System32\WS2_32.dll
0x00007ff809160000 - 0x00007ff809178000 	C:\WINDOWS\SYSTEM32\kernel.appcore.dll
0x00007ffffe8b0000 - 0x00007ffffe8ba000 	C:\Program Files\Apache NetBeans\jdk\bin\jimage.dll
0x00007ff807440000 - 0x00007ff80766e000 	C:\WINDOWS\SYSTEM32\DBGHELP.DLL
0x00007ff80ab70000 - 0x00007ff80aefa000 	C:\WINDOWS\System32\combase.dll
0x00007ff80a9e0000 - 0x00007ff80aab7000 	C:\WINDOWS\System32\OLEAUT32.dll
0x00007ffffbd10000 - 0x00007ffffbd42000 	C:\WINDOWS\SYSTEM32\dbgcore.DLL
0x00007ff80a780000 - 0x00007ff80a7fb000 	C:\WINDOWS\System32\bcryptPrimitives.dll
0x00007fffda580000 - 0x00007fffda5a5000 	C:\Program Files\Apache NetBeans\jdk\bin\java.dll
0x00007fffda4a0000 - 0x00007fffda577000 	C:\Program Files\Apache NetBeans\jdk\bin\jsvml.dll
0x00007ff80bf40000 - 0x00007ff80c72f000 	C:\WINDOWS\System32\SHELL32.dll
0x00007ff808050000 - 0x00007ff808918000 	C:\WINDOWS\SYSTEM32\windows.storage.dll
0x00007ff807f10000 - 0x00007ff80804e000 	C:\WINDOWS\SYSTEM32\wintypes.dll
0x00007ff80b820000 - 0x00007ff80b911000 	C:\WINDOWS\System32\SHCORE.dll
0x00007ff80b2c0000 - 0x00007ff80b31e000 	C:\WINDOWS\System32\shlwapi.dll
0x00007ff809f40000 - 0x00007ff809f61000 	C:\WINDOWS\SYSTEM32\profapi.dll
0x00007fffdb440000 - 0x00007fffdb459000 	C:\Program Files\Apache NetBeans\jdk\bin\net.dll
0x00007ff800e60000 - 0x00007ff800f8f000 	C:\WINDOWS\SYSTEM32\WINHTTP.dll
0x00007fffd5950000 - 0x00007fffd5966000 	C:\Program Files\Apache NetBeans\jdk\bin\nio.dll
0x00007ff8095c0000 - 0x00007ff809629000 	C:\WINDOWS\SYSTEM32\MSWSOCK.dll
0x00007fffd5930000 - 0x00007fffd5948000 	C:\Program Files\Apache NetBeans\jdk\bin\zip.dll

dbghelp: loaded successfully - version: 4.0.5 - missing functions: none
symbol engine: initialized successfully - sym options: 0x614 - pdb path: .;C:\Program Files\Apache NetBeans\jdk\bin;C:\WINDOWS\SYSTEM32;C:\WINDOWS\WinSxS\amd64_microsoft.windows.common-controls_6595b64144ccf1df_6.0.22621.608_none_a9444ca7c10bb01d;C:\Program Files\Apache NetBeans\jdk\bin\server

VM Arguments:
jvm_args: -Dfile.encoding=UTF-8 --module-path=C:\Users\ELFAJR\Documents\NetBeansProjects\Hotel Management System\build\classes 
java_command: hotel.management.system.AddRooms
java_class_path (initial): C:\Users\ELFAJR\Downloads\mysql-connector-java-8.0.28.jar;C:\Users\ELFAJR\Downloads\rs2xml.jar;C:\Users\ELFAJR\Documents\NetBeansProjects\Hotel Management System\build\classes
Launcher Type: SUN_STANDARD

[Global flags]
     intx CICompilerCount                          = 4                                         {product} {ergonomic}
     uint ConcGCThreads                            = 3                                         {product} {ergonomic}
     uint G1ConcRefinementThreads                  = 10                                        {product} {ergonomic}
   size_t G1HeapRegionSize                         = 2097152                                   {product} {ergonomic}
    uintx GCDrainStackTargetSize                   = 64                                        {product} {ergonomic}
   size_t InitialHeapSize                          = 266338304                                 {product} {ergonomic}
   size_t MarkStackSize                            = 4194304                                   {product} {ergonomic}
   size_t MaxHeapSize                              = 4234149888                                {product} {ergonomic}
   size_t MaxNewSize                               = 2539651072                                {product} {ergonomic}
   size_t MinHeapDeltaBytes                        = 2097152                                   {product} {ergonomic}
   size_t MinHeapSize                              = 8388608                                   {product} {ergonomic}
    uintx NonNMethodCodeHeapSize                   = 5839372                                {pd product} {ergonomic}
    uintx NonProfiledCodeHeapSize                  = 122909434                              {pd product} {ergonomic}
    uintx ProfiledCodeHeapSize                     = 122909434                              {pd product} {ergonomic}
    uintx ReservedCodeCacheSize                    = 251658240                              {pd product} {ergonomic}
     bool SegmentedCodeCache                       = true                                      {product} {ergonomic}
   size_t SoftMaxHeapSize                          = 4234149888                             {manageable} {ergonomic}
     bool UseCompressedClassPointers               = true                           {product lp64_product} {ergonomic}
     bool UseCompressedOops                        = true                           {product lp64_product} {ergonomic}
     bool UseG1GC                                  = true                                      {product} {ergonomic}
     bool UseLargePagesIndividualAllocation        = false                                  {pd product} {ergonomic}

Logging:
Log output configuration:
 #0: stdout all=warning uptime,level,tags
 #1: stderr all=off uptime,level,tags

Environment Variables:
JAVA_HOME=C:\Users\ELFAJR\AppData\Local\Programs\Eclipse Adoptium\jdk-17.0.4.101-hotspot\
CLASSPATH="Î˙ˇˇTù	s\±\QTJava.zip"
PATH=C:\Program Files (x86)\Embarcadero\Studio\22.0\bin;C:\Users\Public\Documents\Embarcadero\Studio\22.0\Bpl;C:\Program Files (x86)\Embarcadero\Studio\22.0\bin64;C:\Users\Public\Documents\Embarcadero\Studio\22.0\Bpl\Win64;C:\Program Files\Common Files\Oracle\Java\javapath;C:\WINDOWS\system32;C:\WINDOWS;C:\WINDOWS\System32\Wbem;C:\WINDOWS\System32\WindowsPowerShell\v1.0\;C:\WINDOWS\System32\OpenSSH\;D:\programs\bin;C:\Program Files\CodeBlocks\MinGW\bin;C:\Program Files\nodejs\;C:\Program Files\dotnet\;C:\Program Files (x86)\dotnet\;C:\Python\Python310;C:\Program Files\NVIDIA Corporation\NVIDIA NvDLISR;C:\Program Files\Git\cmd;C:\MinGW\bin;C:\Program Files\Git\mingw64\bin;C:\Program Files\Git\mingw64\share;C:\Program Files\MySQL\MySQL Shell 8.0\bin\;C:\Users\ELFAJR\AppData\Local\Programs\Eclipse Adoptium\jdk-17.0.4.101-hotspot\bin;C:\Python\Python310\Scripts\;C:\Python\Python310\;C:\Users\ELFAJR\AppData\Local\Microsoft\WindowsApps;C:\Program Files\CodeBlocks\MinGW\bin;D:\programs\Microsoft VS Code\bin;C:\MinGW\bin;C:\Users\ELFAJR\AppData\Local\Microsoft\WindowsApps;C:\Users\ELFAJR\AppData\Roaming\npm;C:\ProgramData\AfafRafat\GitHubDesktop\bin;C:\Users\ELFAJR\AppData\Local\GitHubDesktop\bin;C:\Program Files\JetBrains\PyCharm Community Edition 2022.2\bin;C:\Program Files\JetBrains\CLion 2022.2.4\bin;C:\msys64;C:\Program Files\JetBrains\IntelliJ IDEA 2022.2.3\bin;C:\MinGW\bin;C:\Program Files\Git\mingw64\bin;C:\Program Files\Git\mingw64\share
USERNAME=AfafRafat
OS=Windows_NT
PROCESSOR_IDENTIFIER=Intel64 Family 6 Model 165 Stepping 2, GenuineIntel
TMP=C:\Users\ELFAJR\AppData\Local\Temp
TEMP=C:\Users\ELFAJR\AppData\Local\Temp



---------------  S Y S T E M  ---------------

OS:
 Windows 11 , 64 bit Build 22621 (10.0.22621.963)
OS uptime: 0 days 22:12 hours

CPU: total 12 (initial active 12) (6 cores per cpu, 2 threads per core) family 6 model 165 stepping 2 microcode 0xf0, cx8, cmov, fxsr, ht, mmx, 3dnowpref, sse, sse2, sse3, ssse3, sse4.1, sse4.2, popcnt, lzcnt, tsc, tscinvbit, avx, avx2, aes, erms, clmul, bmi1, bmi2, adx, fma, vzeroupper, clflush, clflushopt

Memory: 4k page, system-wide physical 16145M (2261M free)
TotalPageFile size 33068M (AvailPageFile size 3M)
current process WorkingSet (physical memory assigned to process): 38M, peak: 38M
current process commit charge ("private bytes"): 347M, peak: 347M

vm_info: OpenJDK 64-Bit Server VM (17.0.5+8-LTS) for windows-amd64 JRE (17.0.5+8-LTS) (Zulu17.38+21-CA), built on Oct  7 2022 12:56:14 by "zulu_re" with MS VC++ 16.10 / 16.11 (VS2019)

END.
