#
# There is insufficient memory for the Java Runtime Environment to continue.
# Native memory allocation (mmap) failed to map 266338304 bytes for G1 virtual space
# Possible reasons:
#   The system is out of physical RAM or swap space
#   The process is running with CompressedOops enabled, and the Java Heap may be blocking the growth of the native heap
# Possible solutions:
#   Reduce memory load on the system
#   Increase physical memory or swap space
#   Check if swap backing store is full
#   Decrease Java heap size (-Xmx/-Xms)
#   Decrease number of Java threads
#   Decrease Java thread stack sizes (-Xss)
#   Set larger code cache with -XX:ReservedCodeCacheSize=
#   JVM is running with Zero Based Compressed Oops mode in which the Java heap is
#     placed in the first 32GB address space. The Java Heap base address is the
#     maximum limit for the native heap growth. Please use -XX:HeapBaseMinAddress
#     to set the Java Heap base and to place the Java Heap above 32GB virtual address.
# This output file may be truncated or incomplete.
#
#  Out of Memory Error (os_windows.cpp:3548), pid=27876, tid=29068
#
# JRE version:  (17.0.5+8) (build )
# Java VM: OpenJDK 64-Bit Server VM (17.0.5+8-LTS, mixed mode, sharing, tiered, compressed oops, compressed class ptrs, g1 gc, windows-amd64)
# No core dump will be written. Minidumps are not enabled by default on client versions of Windows
#

---------------  S U M M A R Y ------------

Command Line: -Dfile.encoding=UTF-8 --module-path=C:\Users\ELFAJR\Documents\NetBeansProjects\Hotel Management System\build\classes hotel.management.system.AddCustomer

Host: Intel(R) Core(TM) i7-10750H CPU @ 2.60GHz, 12 cores, 15G,  Windows 11 , 64 bit Build 22621 (10.0.22621.963)
Time: Fri Dec 23 17:30:39 2022 Egypt Standard Time elapsed time: 0.011976 seconds (0d 0h 0m 0s)

---------------  T H R E A D  ---------------

Current thread (0x00000213a0259b00):  JavaThread "Unknown thread" [_thread_in_vm, id=29068, stack(0x000000f232300000,0x000000f232400000)]

Stack: [0x000000f232300000,0x000000f232400000]
Native frames: (J=compiled Java code, j=interpreted, Vv=VM code, C=native code)
V  [jvm.dll+0x67bc7a]
V  [jvm.dll+0x837104]
V  [jvm.dll+0x8388ae]
V  [jvm.dll+0x838f13]
V  [jvm.dll+0x248935]
V  [jvm.dll+0x678ba9]
V  [jvm.dll+0x66d27a]
V  [jvm.dll+0x30781b]
V  [jvm.dll+0x30ecd6]
V  [jvm.dll+0x35f20e]
V  [jvm.dll+0x35f43f]
V  [jvm.dll+0x2de788]
V  [jvm.dll+0x2df6f4]
V  [jvm.dll+0x808a31]
V  [jvm.dll+0x36d001]
V  [jvm.dll+0x7e7e5c]
V  [jvm.dll+0x3ef98f]
V  [jvm.dll+0x3f14d1]
C  [jli.dll+0x526b]
C  [ucrtbase.dll+0x29363]
C  [KERNEL32.DLL+0x126bd]
C  [ntdll.dll+0x5dfb8]


---------------  P R O C E S S  ---------------

Threads class SMR info:
_java_thread_list=0x00007fff73f6ffd8, length=0, elements={
}

Java Threads: ( => current thread )

Other Threads:
  0x00000213a02c5780 GCTaskThread "GC Thread#0" [stack: 0x000000f232400000,0x000000f232500000] [id=28912]
  0x00000213a02d6480 ConcurrentGCThread "G1 Main Marker" [stack: 0x000000f232500000,0x000000f232600000] [id=17668]
  0x00000213a02d8640 ConcurrentGCThread "G1 Conc#0" [stack: 0x000000f232600000,0x000000f232700000] [id=10264]

[error occurred during error reporting (printing all threads), id 0xc0000005, EXCEPTION_ACCESS_VIOLATION (0xc0000005) at pc=0x00007fff7372f167]

VM state: not at safepoint (not fully initialized)

VM Mutex/Monitor currently owned by a thread:  ([mutex/lock_event])
[0x00000213a0255cb0] Heap_lock - owner thread: 0x00000213a0259b00

Heap address: 0x0000000703a00000, size: 4038 MB, Compressed Oops mode: Zero based, Oop shift amount: 3

CDS archive(s) mapped at: [0x0000000000000000-0x0000000000000000-0x0000000000000000), size 0, SharedBaseAddress: 0x0000000800000000, ArchiveRelocationMode: 0.
Narrow klass base: 0x0000000000000000, Narrow klass shift: 0, Narrow klass range: 0x0

GC Precious Log:
<Empty>

Heap:
 garbage-first heap   total 0K, used 0K [0x0000000703a00000, 0x0000000800000000)
  region size 2048K, 0 young (0K), 0 survivors (0K)

[error occurred during error reporting (printing heap information), id 0xc0000005, EXCEPTION_ACCESS_VIOLATION (0xc0000005) at pc=0x00007fff73b14f59]

GC Heap History (0 events):
No events

Dll operation events (1 events):
Event: 0.007 Loaded shared library C:\Program Files\Apache NetBeans\jdk\bin\java.dll

Deoptimization events (0 events):
No events

Classes unloaded (0 events):
No events

Classes redefined (0 events):
No events

Internal exceptions (0 events):
No events

VM Operations (0 events):
No events

Events (0 events):
No events


Dynamic libraries:
0x00007ff6cd1a0000 - 0x00007ff6cd1ae000 	C:\Program Files\Apache NetBeans\jdk\bin\java.exe
0x00007ff80cbf0000 - 0x00007ff80ce04000 	C:\WINDOWS\SYSTEM32\ntdll.dll
0x00007ff80b0b0000 - 0x00007ff80b173000 	C:\WINDOWS\System32\KERNEL32.DLL
0x00007ff80a010000 - 0x00007ff80a3ad000 	C:\WINDOWS\System32\KERNELBASE.dll
0x00007ff80a800000 - 0x00007ff80a911000 	C:\WINDOWS\System32\ucrtbase.dll
0x00007fffdb460000 - 0x00007fffdb47b000 	C:\Program Files\Apache NetBeans\jdk\bin\VCRUNTIME140.dll
0x00007ffff7e10000 - 0x00007ffff7e27000 	C:\Program Files\Apache NetBeans\jdk\bin\jli.dll
0x00007ff80b470000 - 0x00007ff80b61d000 	C:\WINDOWS\System32\USER32.dll
0x00007ff80a6b0000 - 0x00007ff80a6d6000 	C:\WINDOWS\System32\win32u.dll
0x00007fffdc8e0000 - 0x00007fffdcb6e000 	C:\WINDOWS\WinSxS\amd64_microsoft.windows.common-controls_6595b64144ccf1df_6.0.22621.608_none_a9444ca7c10bb01d\COMCTL32.dll
0x00007ff80c730000 - 0x00007ff80c759000 	C:\WINDOWS\System32\GDI32.dll
0x00007ff80cb00000 - 0x00007ff80cba7000 	C:\WINDOWS\System32\msvcrt.dll
0x00007ff80a520000 - 0x00007ff80a632000 	C:\WINDOWS\System32\gdi32full.dll
0x00007ff80a6e0000 - 0x00007ff80a77a000 	C:\WINDOWS\System32\msvcp_win.dll
0x00007ff80af00000 - 0x00007ff80af32000 	C:\WINDOWS\System32\IMM32.DLL
0x00007ff8003f0000 - 0x00007ff8003fc000 	C:\Program Files\Apache NetBeans\jdk\bin\vcruntime140_1.dll
0x00007fffc7350000 - 0x00007fffc73dd000 	C:\Program Files\Apache NetBeans\jdk\bin\msvcp140.dll
0x00007fff73440000 - 0x00007fff740a2000 	C:\Program Files\Apache NetBeans\jdk\bin\server\jvm.dll
0x00007ff80b620000 - 0x00007ff80b6ce000 	C:\WINDOWS\System32\ADVAPI32.dll
0x00007ff80ca50000 - 0x00007ff80caf4000 	C:\WINDOWS\System32\sechost.dll
0x00007ff80c930000 - 0x00007ff80ca45000 	C:\WINDOWS\System32\RPCRT4.dll
0x00007ffffd620000 - 0x00007ffffd62a000 	C:\WINDOWS\SYSTEM32\VERSION.dll
0x00007ffffe7d0000 - 0x00007ffffe804000 	C:\WINDOWS\SYSTEM32\WINMM.dll
0x00007fffefd30000 - 0x00007fffefd39000 	C:\WINDOWS\SYSTEM32\WSOCK32.dll
0x00007ff80b320000 - 0x00007ff80b391000 	C:\WINDOWS\System32\WS2_32.dll
0x00007ff809160000 - 0x00007ff809178000 	C:\WINDOWS\SYSTEM32\kernel.appcore.dll
0x00007ffffe8b0000 - 0x00007ffffe8ba000 	C:\Program Files\Apache NetBeans\jdk\bin\jimage.dll
0x00007ff807440000 - 0x00007ff80766e000 	C:\WINDOWS\SYSTEM32\DBGHELP.DLL
0x00007ff80ab70000 - 0x00007ff80aefa000 	C:\WINDOWS\System32\combase.dll
0x00007ff80a9e0000 - 0x00007ff80aab7000 	C:\WINDOWS\System32\OLEAUT32.dll
0x00007ffffbd10000 - 0x00007ffffbd42000 	C:\WINDOWS\SYSTEM32\dbgcore.DLL
0x00007ff80a780000 - 0x00007ff80a7fb000 	C:\WINDOWS\System32\bcryptPrimitives.dll
0x00007fffda580000 - 0x00007fffda5a5000 	C:\Program Files\Apache NetBeans\jdk\bin\java.dll

dbghelp: loaded successfully - version: 4.0.5 - missing functions: none
symbol engine: initialized successfully - sym options: 0x614 - pdb path: .;C:\Program Files\Apache NetBeans\jdk\bin;C:\WINDOWS\SYSTEM32;C:\WINDOWS\WinSxS\amd64_microsoft.windows.common-controls_6595b64144ccf1df_6.0.22621.608_none_a9444ca7c10bb01d;C:\Program Files\Apache NetBeans\jdk\bin\server

VM Arguments:
jvm_args: -Dfile.encoding=UTF-8 --module-path=C:\Users\ELFAJR\Documents\NetBeansProjects\Hotel Management System\build\classes 
java_command: hotel.management.system.AddCustomer
java_class_path (initial): C:\Users\ELFAJR\Downloads\mysql-connector-java-8.0.28.jar;C:\Users\ELFAJR\Downloads\rs2xml.jar;C:\Users\ELFAJR\Documents\NetBeansProjects\Hotel Management System\build\classes
Launcher Type: SUN_STANDARD

[Global flags]
     intx CICompilerCount                          = 4                                         {product} {ergonomic}
     uint ConcGCThreads                            = 3                                         {product} {ergonomic}
     uint G1ConcRefinementThreads                  = 10                                        {product} {ergonomic}
   size_t G1HeapRegionSize                         = 2097152                                   {product} {ergonomic}
    uintx GCDrainStackTargetSize                   = 64                                        {product} {ergonomic}
   size_t InitialHeapSize                          = 266338304                                 {product} {ergonomic}
   size_t MarkStackSize                            = 4194304                                   {product} {ergonomic}
   size_t MaxHeapSize                              = 4234149888                                {product} {ergonomic}
   size_t MinHeapDeltaBytes                        = 2097152                                   {product} {ergonomic}
   size_t MinHeapSize                              = 8388608                                   {product} {ergonomic}
    uintx NonNMethodCodeHeapSize                   = 5839372                                {pd product} {ergonomic}
    uintx NonProfiledCodeHeapSize                  = 122909434                              {pd product} {ergonomic}
    uintx ProfiledCodeHeapSize                     = 122909434                              {pd product} {ergonomic}
    uintx ReservedCodeCacheSize                    = 251658240                              {pd product} {ergonomic}
     bool SegmentedCodeCache                       = true                                      {product} {ergonomic}
   size_t SoftMaxHeapSize                          = 4234149888                             {manageable} {ergonomic}
     bool UseCompressedClassPointers               = true                           {product lp64_product} {ergonomic}
     bool UseCompressedOops                        = true                           {product lp64_product} {ergonomic}
     bool UseG1GC                                  = true                                      {product} {ergonomic}
     bool UseLargePagesIndividualAllocation        = false                                  {pd product} {ergonomic}

Logging:
Log output configuration:
 #0: stdout all=warning uptime,level,tags
 #1: stderr all=off uptime,level,tags

Environment Variables:
JAVA_HOME=C:\Users\ELFAJR\AppData\Local\Programs\Eclipse Adoptium\jdk-17.0.4.101-hotspot\
CLASSPATH="Î˙ˇˇTù	s\±\QTJava.zip"
PATH=C:\Program Files (x86)\Embarcadero\Studio\22.0\bin;C:\Users\Public\Documents\Embarcadero\Studio\22.0\Bpl;C:\Program Files (x86)\Embarcadero\Studio\22.0\bin64;C:\Users\Public\Documents\Embarcadero\Studio\22.0\Bpl\Win64;C:\Program Files\Common Files\Oracle\Java\javapath;C:\WINDOWS\system32;C:\WINDOWS;C:\WINDOWS\System32\Wbem;C:\WINDOWS\System32\WindowsPowerShell\v1.0\;C:\WINDOWS\System32\OpenSSH\;D:\programs\bin;C:\Program Files\CodeBlocks\MinGW\bin;C:\Program Files\nodejs\;C:\Program Files\dotnet\;C:\Program Files (x86)\dotnet\;C:\Python\Python310;C:\Program Files\NVIDIA Corporation\NVIDIA NvDLISR;C:\Program Files\Git\cmd;C:\MinGW\bin;C:\Program Files\Git\mingw64\bin;C:\Program Files\Git\mingw64\share;C:\Program Files\MySQL\MySQL Shell 8.0\bin\;C:\Users\ELFAJR\AppData\Local\Programs\Eclipse Adoptium\jdk-17.0.4.101-hotspot\bin;C:\Python\Python310\Scripts\;C:\Python\Python310\;C:\Users\ELFAJR\AppData\Local\Microsoft\WindowsApps;C:\Program Files\CodeBlocks\MinGW\bin;D:\programs\Microsoft VS Code\bin;C:\MinGW\bin;C:\Users\ELFAJR\AppData\Local\Microsoft\WindowsApps;C:\Users\ELFAJR\AppData\Roaming\npm;C:\ProgramData\AfafRafat\GitHubDesktop\bin;C:\Users\ELFAJR\AppData\Local\GitHubDesktop\bin;C:\Program Files\JetBrains\PyCharm Community Edition 2022.2\bin;C:\Program Files\JetBrains\CLion 2022.2.4\bin;C:\msys64;C:\Program Files\JetBrains\IntelliJ IDEA 2022.2.3\bin;C:\MinGW\bin;C:\Program Files\Git\mingw64\bin;C:\Program Files\Git\mingw64\share
USERNAME=AfafRafat
OS=Windows_NT
PROCESSOR_IDENTIFIER=Intel64 Family 6 Model 165 Stepping 2, GenuineIntel
TMP=C:\Users\ELFAJR\AppData\Local\Temp
TEMP=C:\Users\ELFAJR\AppData\Local\Temp



---------------  S Y S T E M  ---------------

OS:
 Windows 11 , 64 bit Build 22621 (10.0.22621.963)
OS uptime: 0 days 21:46 hours

CPU: total 12 (initial active 12) (6 cores per cpu, 2 threads per core) family 6 model 165 stepping 2 microcode 0xf0, cx8, cmov, fxsr, ht, mmx, 3dnowpref, sse, sse2, sse3, ssse3, sse4.1, sse4.2, popcnt, lzcnt, tsc, tscinvbit, avx, avx2, aes, erms, clmul, bmi1, bmi2, adx, fma, vzeroupper, clflush, clflushopt

Memory: 4k page, system-wide physical 16145M (2585M free)
TotalPageFile size 33163M (AvailPageFile size 18M)
current process WorkingSet (physical memory assigned to process): 11M, peak: 11M
current process commit charge ("private bytes"): 64M, peak: 318M

vm_info: OpenJDK 64-Bit Server VM (17.0.5+8-LTS) for windows-amd64 JRE (17.0.5+8-LTS) (Zulu17.38+21-CA), built on Oct  7 2022 12:56:14 by "zulu_re" with MS VC++ 16.10 / 16.11 (VS2019)

END.
